<?xml version="1.0" encoding="UTF-8"?>
<testsuite xmlns:xsi="http://www.w3.org/2001/XMLSchema-instance" xsi:noNamespaceSchemaLocation="https://maven.apache.org/surefire/maven-surefire-plugin/xsd/surefire-test-report-3.0.xsd" version="3.0" name="com.example.demo.tests.TaskApiTests" time="7.551" tests="9" errors="0" skipped="0" failures="0">
  <properties>
[...]
</properties>
  <testcase name="createTask_ShouldReturn400_WhenDuplicateName" classname="com.example.demo.tests.TaskApiTests" time="2.791">
    <system-out><![CDATA[21:15:42.061 [main] INFO org.springframework.test.context.support.AnnotationConfigContextLoaderUtils -- Could not detect default configuration classes for test class [com.example.demo.tests.TaskApiTests]: TaskApiTests does not declare any static, non-private, non-final, nested classes annotated with @Configuration.
21:15:42.228 [main] INFO org.springframework.boot.test.context.SpringBootTestContextBootstrapper -- Found @SpringBootConfiguration com.example.demo.DemoApplication for test class com.example.demo.tests.TaskApiTests

  .   ____          _            __ _ _
 /\\ / ___'_ __ _ _(_)_ __  __ _ \ \ \ \
( ( )\___ | '_ | '_| | '_ \/ _` | \ \ \ \
 \\/  ___)| |_)| | | | | || (_| |  ) ) ) )
  '  |____| .__|_| |_|_| |_\__, | / / / /
 =========|_|==============|___/=/_/_/_/

 :: Spring Boot ::                (v3.3.4)

2025-08-17T21:15:42.844+03:00  INFO 394604 --- [demo] [           main] com.example.demo.tests.TaskApiTests      : Starting TaskApiTests using Java 24.0.2 with PID 394604 (started by pavlo.shkolnyi in C:\Users\pavlo.shkolnyi\Downloads\demo\demo)
2025-08-17T21:15:42.846+03:00  INFO 394604 --- [demo] [           main] com.example.demo.tests.TaskApiTests      : No active profile set, falling back to 1 default profile: "default"
2025-08-17T21:15:44.765+03:00  INFO 394604 --- [demo] [           main] o.s.b.w.embedded.tomcat.TomcatWebServer  : Tomcat initialized with port 0 (http)
2025-08-17T21:15:44.794+03:00  INFO 394604 --- [demo] [           main] o.apache.catalina.core.StandardService   : Starting service [Tomcat]
2025-08-17T21:15:44.795+03:00  INFO 394604 --- [demo] [           main] o.apache.catalina.core.StandardEngine    : Starting Servlet engine: [Apache Tomcat/10.1.30]
2025-08-17T21:15:44.923+03:00  INFO 394604 --- [demo] [           main] o.a.c.c.C.[Tomcat].[localhost].[/]       : Initializing Spring embedded WebApplicationContext
2025-08-17T21:15:44.924+03:00  INFO 394604 --- [demo] [           main] w.s.c.ServletWebServerApplicationContext : Root WebApplicationContext: initialization completed in 1684 ms
2025-08-17T21:15:45.565+03:00  INFO 394604 --- [demo] [           main] o.s.b.w.embedded.tomcat.TomcatWebServer  : Tomcat started on port 58957 (http) with context path '/'
2025-08-17T21:15:45.576+03:00  INFO 394604 --- [demo] [           main] com.example.demo.tests.TaskApiTests      : Started TaskApiTests in 3.149 seconds (process running for 4.587)
2025-08-17T21:15:48.094+03:00  INFO 394604 --- [demo] [o-auto-1-exec-1] o.a.c.c.C.[Tomcat].[localhost].[/]       : Initializing Spring DispatcherServlet 'dispatcherServlet'
2025-08-17T21:15:48.094+03:00  INFO 394604 --- [demo] [o-auto-1-exec-1] o.s.web.servlet.DispatcherServlet        : Initializing Servlet 'dispatcherServlet'
2025-08-17T21:15:48.095+03:00  INFO 394604 --- [demo] [o-auto-1-exec-1] o.s.web.servlet.DispatcherServlet        : Completed initialization in 1 ms
]]></system-out>
    <system-err><![CDATA[WARNING: A Java agent has been loaded dynamically (C:\Users\pavlo.shkolnyi\.m2\repository\net\bytebuddy\byte-buddy-agent\1.14.19\byte-buddy-agent-1.14.19.jar)
WARNING: If a serviceability tool is in use, please run with -XX:+EnableDynamicAgentLoading to hide this warning
WARNING: If a serviceability tool is not in use, please run with -Djdk.instrument.traceUsage for more information
WARNING: Dynamic loading of agents will be disallowed by default in a future release
]]></system-err>
  </testcase>
  <testcase name="getAllTasks_ShouldReturnListIncludingCreatedOnes" classname="com.example.demo.tests.TaskApiTests" time="0.258"/>
  <testcase name="deleteTask_ShouldReturn204_WhenExists" classname="com.example.demo.tests.TaskApiTests" time="0.081"/>
  <testcase name="updateTask_ShouldReturn200_WhenExists" classname="com.example.demo.tests.TaskApiTests" time="0.052"/>
  <testcase name="createTask_ShouldReturn201" classname="com.example.demo.tests.TaskApiTests" time="0.441"/>
  <testcase name="getTask_ShouldReturn200_WhenExists" classname="com.example.demo.tests.TaskApiTests" time="0.041"/>
  <testcase name="getTask_ShouldReturn404_WhenNotExists" classname="com.example.demo.tests.TaskApiTests" time="0.014"/>
  <testcase name="deleteTask_ShouldReturn404_WhenNotExists" classname="com.example.demo.tests.TaskApiTests" time="0.013"/>
  <testcase name="updateTask_ShouldReturn404_WhenNotExists" classname="com.example.demo.tests.TaskApiTests" time="0.022"/>
</testsuite>